

Starting up. 03:23.25
---------------------

[03:23:25]ADMIN: Loading jobban_rank
[03:23:25]ADMIN: jobban_keylist was empty
[03:23:25]ADMIN: Updating jobbanfile!
[03:23:25]ADMIN: Loading Banlist
[03:23:25]ADMIN: Banlist is empty.
[03:23:25]ADMIN: Banlist missing base dir.
[03:24:59]ACCESS: Login: CaseyTheGreat/(CaseyTheGreat) from 127.0.0.1-1927876604 || BYOND v496
[03:25:42]OOC: CaseyTheGreat/CaseyTheGreat : yex
[03:26:23]ACCESS: Logout: *no client*/(CaseyTheGreat)
[03:26:23]ACCESS: Login: CaseyTheGreat/(Jose Mitchell) from 127.0.0.1-1927876604 || BYOND v496
[03:26:58]ACCESS: Logout: CaseyTheGreat/(Jose Mitchell)


Starting up. 03:30.10
---------------------

[03:30:10]ADMIN: Loading jobban_rank
[03:30:10]ADMIN: jobban_keylist was empty
[03:30:10]ADMIN: Updating jobbanfile!
[03:30:10]ADMIN: Loading Banlist
[03:30:48]ACCESS: Login: CaseyTheGreat/(CaseyTheGreat) from 127.0.0.1-1927876604 || BYOND v496
[03:31:15]ADMIN: CaseyTheGreat has started the game.
[03:31:16]ACCESS: Logout: *no client*/(CaseyTheGreat)
[03:31:16]ACCESS: Login: CaseyTheGreat/(Travis Koepple) from 127.0.0.1-1927876604 || BYOND v496
[03:31:55]ACCESS: Logout: CaseyTheGreat/(Travis Koepple)


Starting up. 03:38.40
---------------------

[03:38:40]ADMIN: Loading jobban_rank
[03:38:40]ADMIN: jobban_keylist was empty
[03:38:40]ADMIN: Updating jobbanfile!
[03:38:40]ADMIN: Loading Banlist
[03:39:15]ACCESS: Login: CaseyTheGreat/(CaseyTheGreat) from 127.0.0.1-1927876604 || BYOND v496
[03:39:45]ADMIN: CaseyTheGreat has started the game.
[03:39:46]ACCESS: Logout: *no client*/(CaseyTheGreat)
[03:39:46]ACCESS: Login: CaseyTheGreat/(Mark Brindle) from 127.0.0.1-1927876604 || BYOND v496
[03:40:09]ACCESS: Logout: CaseyTheGreat/(Mark Brindle)
[03:40:13]ACCESS: Login: CaseyTheGreat/(Mark Brindle) from 127.0.0.1-1927876604 || BYOND v496
[03:40:39]ACCESS: Logout: CaseyTheGreat/(Mark Brindle)


Starting up. 04:13.34
---------------------

[04:13:34]ADMIN: Loading jobban_rank
[04:13:34]ADMIN: jobban_keylist was empty
[04:13:34]ADMIN: Updating jobbanfile!
[04:13:34]ADMIN: Loading Banlist
[04:14:16]ACCESS: Login: CaseyTheGreat/(CaseyTheGreat) from 127.0.0.1-1927876604 || BYOND v496
[04:14:31]ADMIN: CaseyTheGreat has started the game.
[04:14:32]ACCESS: Logout: *no client*/(CaseyTheGreat)
[04:14:32]ACCESS: Login: CaseyTheGreat/(Pedro Stewart) from 127.0.0.1-1927876604 || BYOND v496
[04:15:09]ACCESS: Logout: CaseyTheGreat/(Pedro Stewart)
